Determining if the pthread_create exist failed with the following output:
Change Dir: /home/david/Catkin/cnn_loam_segmap/src/laser_slam/laser_slam_ros/cmake-build-debug/CMakeFiles/CMakeTmp

Run Build Command:"/usr/bin/make" "cmTC_c1216/fast"
/usr/bin/make -f CMakeFiles/cmTC_c1216.dir/build.make CMakeFiles/cmTC_c1216.dir/build
make[1]: Entering directory '/home/david/Catkin/cnn_loam_segmap/src/laser_slam/laser_slam_ros/cmake-build-debug/CMakeFiles/CMakeTmp'
Building C object CMakeFiles/cmTC_c1216.dir/CheckSymbolExists.c.o
/usr/bin/cc    -o CMakeFiles/cmTC_c1216.dir/CheckSymbolExists.c.o   -c /home/david/Catkin/cnn_loam_segmap/src/laser_slam/laser_slam_ros/cmake-build-debug/CMakeFiles/CMakeTmp/CheckSymbolExists.c
Linking C executable cmTC_c1216
/home/david/.local/share/JetBrains/Toolbox/apps/CLion/ch-0/182.3684.76/bin/cmake/linux/bin/cmake -E cmake_link_script CMakeFiles/cmTC_c1216.dir/link.txt --verbose=1
/usr/bin/cc      -rdynamic CMakeFiles/cmTC_c1216.dir/CheckSymbolExists.c.o  -o cmTC_c1216 
CMakeFiles/cmTC_c1216.dir/CheckSymbolExists.c.o: In function `main':
CheckSymbolExists.c:(.text+0x16): undefined reference to `pthread_create'
collect2: error: ld returned 1 exit status
CMakeFiles/cmTC_c1216.dir/build.make:86: recipe for target 'cmTC_c1216' failed
make[1]: *** [cmTC_c1216] Error 1
make[1]: Leaving directory '/home/david/Catkin/cnn_loam_segmap/src/laser_slam/laser_slam_ros/cmake-build-debug/CMakeFiles/CMakeTmp'
Makefile:121: recipe for target 'cmTC_c1216/fast' failed
make: *** [cmTC_c1216/fast] Error 2

File /home/david/Catkin/cnn_loam_segmap/src/laser_slam/laser_slam_ros/cmake-build-debug/CMakeFiles/CMakeTmp/CheckSymbolExists.c:
/* */
#include <pthread.h>

int main(int argc, char** argv)
{
  (void)argv;
#ifndef pthread_create
  return ((int*)(&pthread_create))[argc];
#else
  (void)argc;
  return 0;
#endif
}

Determining if the function pthread_create exists in the pthreads failed with the following output:
Change Dir: /home/david/Catkin/cnn_loam_segmap/src/laser_slam/laser_slam_ros/cmake-build-debug/CMakeFiles/CMakeTmp

Run Build Command:"/usr/bin/make" "cmTC_3a109/fast"
/usr/bin/make -f CMakeFiles/cmTC_3a109.dir/build.make CMakeFiles/cmTC_3a109.dir/build
make[1]: Entering directory '/home/david/Catkin/cnn_loam_segmap/src/laser_slam/laser_slam_ros/cmake-build-debug/CMakeFiles/CMakeTmp'
Building C object CMakeFiles/cmTC_3a109.dir/CheckFunctionExists.c.o
/usr/bin/cc   -DCHECK_FUNCTION_EXISTS=pthread_create   -o CMakeFiles/cmTC_3a109.dir/CheckFunctionExists.c.o   -c /home/david/.local/share/JetBrains/Toolbox/apps/CLion/ch-0/182.3684.76/bin/cmake/linux/share/cmake-3.12/Modules/CheckFunctionExists.c
Linking C executable cmTC_3a109
/home/david/.local/share/JetBrains/Toolbox/apps/CLion/ch-0/182.3684.76/bin/cmake/linux/bin/cmake -E cmake_link_script CMakeFiles/cmTC_3a109.dir/link.txt --verbose=1
/usr/bin/cc  -DCHECK_FUNCTION_EXISTS=pthread_create    -rdynamic CMakeFiles/cmTC_3a109.dir/CheckFunctionExists.c.o  -o cmTC_3a109 -lpthreads 
/usr/bin/ld: cannot find -lpthreads
collect2: error: ld returned 1 exit status
CMakeFiles/cmTC_3a109.dir/build.make:86: recipe for target 'cmTC_3a109' failed
make[1]: *** [cmTC_3a109] Error 1
make[1]: Leaving directory '/home/david/Catkin/cnn_loam_segmap/src/laser_slam/laser_slam_ros/cmake-build-debug/CMakeFiles/CMakeTmp'
Makefile:121: recipe for target 'cmTC_3a109/fast' failed
make: *** [cmTC_3a109/fast] Error 2


